-------ADD COMMENTS-------
-------COMMIT COMMENTS-------
[master (root-commit) 09cb43c] Auto-commit at Tue-Jan--7-20:57:02-HKT-2020
 Committer: root <root@tommy@invtechbeta.com>
Your name and email address were configured automatically based
on your username and hostname. Please check that they are accurate.
You can suppress this message by setting them explicitly. Run the
following command and follow the instructions in your editor to edit
your configuration file:

    git config --global --edit

After doing this, you may fix the identity used for this commit with:

    git commit --amend --reset-author

 90 files changed, 756 insertions(+)
 create mode 100644 .gitignore
 create mode 100644 .gitmodules
 create mode 100644 README.md
 create mode 100755 git/.gitconfig
 create mode 100755 git/.ssh/environment
 create mode 100644 git/gogs-repositories/root/test.git/HEAD
 create mode 100644 git/gogs-repositories/root/test.git/config
 create mode 100644 git/gogs-repositories/root/test.git/description
 create mode 100755 git/gogs-repositories/root/test.git/hooks/applypatch-msg.sample
 create mode 100755 git/gogs-repositories/root/test.git/hooks/commit-msg.sample
 create mode 100755 git/gogs-repositories/root/test.git/hooks/post-receive
 create mode 100755 git/gogs-repositories/root/test.git/hooks/post-update.sample
 create mode 100755 git/gogs-repositories/root/test.git/hooks/pre-applypatch.sample
 create mode 100755 git/gogs-repositories/root/test.git/hooks/pre-commit.sample
 create mode 100755 git/gogs-repositories/root/test.git/hooks/pre-push.sample
 create mode 100755 git/gogs-repositories/root/test.git/hooks/pre-rebase.sample
 create mode 100755 git/gogs-repositories/root/test.git/hooks/pre-receive
 create mode 100755 git/gogs-repositories/root/test.git/hooks/pre-receive.sample
 create mode 100755 git/gogs-repositories/root/test.git/hooks/prepare-commit-msg.sample
 create mode 100755 git/gogs-repositories/root/test.git/hooks/update
 create mode 100755 git/gogs-repositories/root/test.git/hooks/update.sample
 create mode 100644 git/gogs-repositories/root/test.git/info/exclude
 create mode 100644 git/gogs-repositories/root/test.git/info/refs
 create mode 100644 git/gogs-repositories/root/test.git/objects/30/d74d258442c7c65512eafab474568dd706c430
 create mode 100644 git/gogs-repositories/root/test.git/objects/47/2ac2361b65136b393d652de25341e2ea44f299
 create mode 100644 git/gogs-repositories/root/test.git/objects/57/6c717174a2f49675f4b57429424e3d54cf2a07
 create mode 100644 git/gogs-repositories/root/test.git/objects/64/d029d838d71eb8760273e1446d88adcc3a3073
 create mode 100644 git/gogs-repositories/root/test.git/objects/7a/abb9a6fd55ac903f66985632b026ef2534c2f4
 create mode 100644 git/gogs-repositories/root/test.git/objects/c9/6d1556490911af368643a3eb24ed83cba7b1ec
 create mode 100644 git/gogs-repositories/root/test.git/objects/f1/877c97f90fe5996d601a4f3049abaac572ad15
 create mode 100644 git/gogs-repositories/root/test.git/objects/info/packs
 create mode 100644 git/gogs-repositories/root/test.git/refs/heads/master
 create mode 100755 gogs/conf/app.ini
 create mode 100755 gogs/data/gogs.db
 create mode 100644 gogs/data/sessions/0/7/0717593c1edc4cfa
 create mode 100644 gogs/data/sessions/0/d/0d64d5a2db1849dc
 create mode 100644 gogs/data/sessions/1/d/1def47b6c0cb091b
 create mode 100644 gogs/data/sessions/2/c/2cbea892f0d6f9b8
 create mode 100644 gogs/data/sessions/2/e/2e1a27fe3c239167
 create mode 100644 gogs/data/sessions/3/6/3667c091cfe3843f
 create mode 100644 gogs/data/sessions/4/0/403e8592b6e2cf8d
 create mode 100644 gogs/data/sessions/4/0/40cfe14b80c5f815
 create mode 100644 gogs/data/sessions/5/1/51b33776959510d0
 create mode 100644 gogs/data/sessions/5/2/5273e8b162f558e0
 create mode 100644 gogs/data/sessions/5/d/5de372ac48a8d06c
 create mode 100644 gogs/data/sessions/6/6/66ddd992664805f2
 create mode 100644 gogs/data/sessions/6/d/6decc048df018454
 create mode 100644 gogs/data/sessions/6/e/6e2873917084986d
 create mode 100644 gogs/data/sessions/7/3/73bc25e8740d2086
 create mode 100644 gogs/data/sessions/8/2/8281fd61354dbb32
 create mode 100644 gogs/data/sessions/9/2/924aadc6173bd649
 create mode 100644 gogs/data/sessions/9/3/93287518cfae8cc7
 create mode 100644 gogs/data/sessions/9/9/99ebc002f8d2ad85
 create mode 100644 gogs/data/sessions/9/f/9f2a282dcc2415ef
 create mode 100644 gogs/data/sessions/a/4/a40371fc807e3bfa
 create mode 100755 gogs/data/sessions/a/8/a88a22f6c51ff071
 create mode 100644 gogs/data/sessions/b/1/b17e19776d0d711c
 create mode 100644 gogs/data/sessions/b/3/b38251fa5711f47d
 create mode 100644 gogs/data/sessions/b/4/b48ecb8bc37379ee
 create mode 100644 gogs/data/sessions/b/5/b570ac848d23e47b
 create mode 100644 gogs/data/sessions/b/b/bba5afcbe34933f2
 create mode 100755 gogs/data/sessions/b/f/bfffc26a54d85a47
 create mode 100644 gogs/data/sessions/c/5/c574b7aef6a4b578
 create mode 100644 gogs/data/sessions/d/2/d2b4a4734b50e032
 create mode 100644 gogs/data/sessions/d/f/dfb6b490b1e05fed
 create mode 100644 gogs/data/sessions/e/8/e806ff2aafd51d4c
 create mode 100644 gogs/data/sessions/e/a/ead4e13777eb4473
 create mode 100644 gogs/data/sessions/e/e/ee7dfed302516faf
 create mode 100644 gogs/data/sessions/f/2/f2d949ada6f3d4d0
 create mode 100644 gogs/data/sessions/f/4/f4701476fd65650b
 create mode 100644 gogs/data/sessions/f/5/f5fcc79cd8123c41
 create mode 100644 gogs/data/sessions/f/c/fc0b8f6ccda6564b
 create mode 100644 gogs/data/sessions/f/d/fdb99fe953b41c4a
 create mode 100644 gogs/data/sessions/f/e/fe9cce7db64ec225
 create mode 100644 gogs/log/gogs.log
 create mode 100755 gogs/log/gogs.log.2020-01-06
 create mode 100644 gogs/log/hooks/post-receive.log
 create mode 100644 gogs/log/hooks/pre-receive.log
 create mode 100644 gogs/log/hooks/update.log
 create mode 100644 gogs/log/xorm.log
 create mode 100755 gogs/log/xorm.log.2020-01-06
 create mode 100644 log/Tue-Jan--7-20:57:02-HKT-2020.log
 create mode 100644 ssh/ssh_host_dsa_key
 create mode 100644 ssh/ssh_host_dsa_key.pub
 create mode 100644 ssh/ssh_host_ecdsa_key
 create mode 100644 ssh/ssh_host_ecdsa_key.pub
 create mode 100644 ssh/ssh_host_ed25519_key
 create mode 100644 ssh/ssh_host_ed25519_key.pub
 create mode 100644 ssh/ssh_host_rsa_key
 create mode 100644 ssh/ssh_host_rsa_key.pub
-------PUSH COMMENTS-------
