2020/01/07 04:22:13 [ INFO] InvTechBeta 0.11.97.1209
2020/01/07 04:22:13 [ INFO] Cache Service Enabled
2020/01/07 04:22:13 [ INFO] Session Service Enabled
2020/01/07 04:22:13 [ INFO] Git Version: 2.22.0
2020/01/07 04:22:13 [ INFO] SQLite3 Supported
2020/01/07 04:22:13 [ INFO] Run Mode: Production
2020/01/07 04:22:13 [ INFO] Listen: http://0.0.0.0:10080
2020/01/07 04:23:34 [ INFO] InvTechBeta 0.11.97.1209
2020/01/07 04:23:34 [ INFO] Cache Service Enabled
2020/01/07 04:23:34 [ INFO] Session Service Enabled
2020/01/07 04:23:34 [ INFO] Git Version: 2.22.0
2020/01/07 04:23:34 [ INFO] SQLite3 Supported
2020/01/07 04:23:34 [ INFO] Run Mode: Production
2020/01/07 04:23:34 [ INFO] Listen: http://0.0.0.0:10080
2020/01/07 04:24:48 [ INFO] InvTechBeta 0.11.97.1209
2020/01/07 04:24:48 [ INFO] Cache Service Enabled
2020/01/07 04:24:48 [ INFO] Session Service Enabled
2020/01/07 04:24:48 [ INFO] Git Version: 2.22.0
2020/01/07 04:24:48 [ INFO] SQLite3 Supported
2020/01/07 04:24:48 [ INFO] Run Mode: Production
2020/01/07 04:24:48 [ INFO] Listen: http://0.0.0.0:3000
2020/01/07 04:27:30 [ INFO] InvTechBeta 0.11.97.1209
2020/01/07 04:27:30 [ INFO] Cache Service Enabled
2020/01/07 04:27:30 [ INFO] Session Service Enabled
2020/01/07 04:27:30 [ INFO] Git Version: 2.22.0
2020/01/07 04:27:30 [ INFO] SQLite3 Supported
2020/01/07 04:27:30 [ INFO] Run Mode: Production
2020/01/07 04:27:30 [ INFO] Listen: http://0.0.0.0:3000
2020/01/07 04:28:17 [ INFO] InvTechBeta 0.11.97.1209
2020/01/07 04:28:17 [ INFO] Cache Service Enabled
2020/01/07 04:28:17 [ INFO] Session Service Enabled
2020/01/07 04:28:17 [ INFO] Git Version: 2.22.0
2020/01/07 04:28:17 [ INFO] SQLite3 Supported
2020/01/07 04:28:17 [ INFO] Run Mode: Production
2020/01/07 04:28:17 [ INFO] Listen: http://0.0.0.0:3000
2020/01/07 04:29:26 [ INFO] InvTechBeta 0.11.97.1209
2020/01/07 04:29:26 [ INFO] Cache Service Enabled
2020/01/07 04:29:26 [ INFO] Session Service Enabled
2020/01/07 04:29:26 [ INFO] Git Version: 2.22.0
2020/01/07 04:29:26 [ INFO] SQLite3 Supported
2020/01/07 04:29:26 [ INFO] Run Mode: Production
2020/01/07 04:29:26 [ INFO] Listen: http://0.0.0.0:3000
